==========================================================
Logging initialized: 2024-07-18 18:31:12.733999700 +02:00
==========================================================
[2024-07-18 18:31:12.740413600 +02:00] [INFO] Server is launched
[2024-07-18 18:31:48.758948600 +02:00] [INFO] Received message: {"command":{"CreateTable":{"table":"users","columns":["id","name"]}},"conditions":null}
[2024-07-18 18:31:48.760387900 +02:00] [INFO] Sent response: {"status":"Table created successfully","data":null}
[2024-07-18 18:31:53.418108100 +02:00] [INFO] Received message: {"command":{"ShowData":{"table":"*"}},"conditions":null}
[2024-07-18 18:31:53.418616400 +02:00] [INFO] Sent response: {"status":"List of tables retrieved successfully","data":[{"table":"users"}]}
[2024-07-18 18:31:59.130581 +02:00] [INFO] Received message: {"command":{"ShowData":{"table":"users"}},"conditions":null}
[2024-07-18 18:31:59.131369100 +02:00] [INFO] Sent response: {"status":"Data from table retrieved successfully","data":[{"id":"","name":""}]}
[2024-07-18 18:32:17.925617300 +02:00] [INFO] Received message: {"command":{"InsertData":{"table":"users","data":{"names":"alice","id":"1"}}},"conditions":null}
[2024-07-18 18:32:17.926141 +02:00] [INFO] Sent response: {"status":"Column 'names' does not exist in table 'users'","data":null}
[2024-07-18 18:32:27.505930200 +02:00] [INFO] Received message: {"command":{"InsertData":{"table":"users","data":{"name":"alice","id":"1"}}},"conditions":null}
[2024-07-18 18:32:27.507330600 +02:00] [INFO] Sent response: {"status":"Data inserted successfully","data":null}
[2024-07-18 18:32:32.189007200 +02:00] [INFO] Received message: {"command":{"ShowData":{"table":"users"}},"conditions":null}
[2024-07-18 18:32:32.189597200 +02:00] [INFO] Sent response: {"status":"Data from table retrieved successfully","data":[{"name":"alice","id":"1"},{"name":"","id":""}]}
[2024-07-18 18:32:42.378372700 +02:00] [INFO] Received message: {"command":{"ExportTable":{"table":"users"}},"conditions":null}
[2024-07-18 18:32:42.382127500 +02:00] [INFO] Sent response: {"status":"Table exported successfully","data":null}
[2024-07-18 18:33:16.061136500 +02:00] [INFO] Received message: {"command":{"DropTable":{"table":"users"}},"conditions":null}
[2024-07-18 18:33:16.061694 +02:00] [INFO] Sent response: {"status":"Table dropped successfully","data":null}
[2024-07-18 18:33:20.246278700 +02:00] [INFO] Received message: {"command":{"ShowData":{"table":"*"}},"conditions":null}
[2024-07-18 18:33:20.246713100 +02:00] [INFO] Sent response: {"status":"List of tables retrieved successfully","data":[]}
[2024-07-18 18:34:17.350582100 +02:00] [INFO] Received message: {"command":{"ImportTable":{"file_path":"export/users_2024-07-18_06-29-47_18-07-24.csv"}},"conditions":null}
[2024-07-18 18:34:17.352349 +02:00] [INFO] Sent response: {"status":"Table imported successfully","data":null}
[2024-07-18 18:34:22.156683100 +02:00] [INFO] Received message: {"command":{"ShowData":{"table":"*"}},"conditions":null}
[2024-07-18 18:34:22.157183300 +02:00] [INFO] Sent response: {"status":"List of tables retrieved successfully","data":[{"table":"users"}]}
==========================================================
Logging initialized: 2024-07-29 18:06:03.651862800 +02:00
==========================================================
[2024-07-29 18:06:03.655842100 +02:00] [INFO] Server is launched
